<?xml version="1.0" encoding="UTF-8"?>
<!-- Generated by org.testng.reporters.JUnitReportReporter -->
<testsuite skipped="0" hostname="WIN-QBANF4VR7OU" name="core.LabTestTorTest" tests="1" failures="0" timestamp="10 May 2019 02:21:21 GMT" time="68805.039" errors="0">
  <testcase name="gettestnames" time="68805.039" classname="core.LabTestTorTest"/>
</testsuite> <!-- core.LabTestTorTest -->
