<?xml version="1.0" encoding="UTF-8"?>
<!-- Generated by org.testng.reporters.JUnitReportReporter -->
<testsuite skipped="0" hostname="WIN-QBANF4VR7OU" name="core.LabDataScrapper" tests="1" failures="0" timestamp="14 May 2019 10:46:23 GMT" time="52.315" errors="0">
  <testcase name="gettestnames" time="52.315" classname="core.LabDataScrapper"/>
</testsuite> <!-- core.LabDataScrapper -->
